<?xml version="1.0" encoding="UTF-8"?>
<!-- Generated by org.testng.reporters.JUnitReportReporter -->
<testsuite hostname="SAHILADEVI" failures="0" tests="1" name="testng_selenium.SampleTestClass" time="0.008" errors="0" timestamp="2024-06-13T16:51:06 EDT" skipped="0">
  <testcase classname="testng_selenium.SampleTestClass" name="test1" time="0.008"/>
  <system-out>
    <![CDATA[Learning testNG]]>
  </system-out>
</testsuite> <!-- testng_selenium.SampleTestClass -->
